<?xml version="1.0" encoding="UTF-8"?>
<!-- Generated by org.testng.reporters.JUnitReportReporter -->
<testsuite skipped="0" hostname="HJNZL001997" name="home.HomeTest" tests="1" failures="0" timestamp="05 Dec 2021 18:01:02 GMT" time="3.632" errors="0">
  <testcase name="verifyHyperLinks" time="3.632" classname="home.HomeTest"/>
</testsuite> <!-- home.HomeTest -->
